Arguments: 
  C:\Program Files\nodejs\node.exe C:\Program Files (x86)\Yarn\bin\yarn.js

PATH: 
  C:\Users\morgan\bin;C:\Program Files\Git\mingw64\bin;C:\Program Files\Git\usr\local\bin;C:\Program Files\Git\usr\bin;C:\Program Files\Git\usr\bin;C:\Program Files\Git\mingw64\bin;C:\Program Files\Git\usr\bin;C:\Users\morgan\bin;C:\ProgramData\Oracle\Java\javapath;C:\Program Files\Haskell\bin;C:\Program Files\Haskell Platform\8.0.2\lib\extralibs\bin;C:\Program Files\Haskell Platform\8.0.2\bin;C:\Python34\Lib\site-packages\PyQt4\uic;C:\Windows\system32;C:\Windows;C:\Windows\System32\Wbem;C:\Python34\Lib\site-packages\PyQt4;C:\Qt\4.8.4\src\tools\uic;C:\Windows\System32\WindowsPowerShell\v1.0;C:\Program Files\Java\jdk8\bin;C:\Program Files\Java\jre8\bin;C:\Program Files\Haskell Platform\8.0.2\mingw\bin;C:\Program Files\Git\cmd;C:\Program Files (x86)\Skype\Phone;C:\Go\bin;C:\Program Files (x86)\Windows Kits\8.1\Windows Performance Toolkit;C:\Program Files (x86)\CodeBlocks\MinGW\bin;C:\Python36\Scripts;C:\Python36;C:\RailsInstaller\Git\cmd;C:\RailsInstaller\Ruby2.3.0\bin;C:\Users\morgan\AppData\Roaming\cabal\bin;C:\Users\morgan\AppData\Roaming\local\bin;C:\Users\morgan\AppData\Local\atom\bin;C:\ffmpeg\bin ;C:\Program Files (x86)\Microsoft VS Code\bin;C:\Users\morgan\AppData\Local\Yarn\bin;C:\Users\morgan\AppData\R;C:\sdk-tools\tools;C:\ProgramData\chocolatey\bin;C:\Program Files\nodejs;C:\Program Files (x86)\Yarn\bin;C:\Program Files\PuTTY;C:\Python36\Scripts;C:\Python36;C:\RailsInstaller\Git\cmd;C:\RailsInstaller\Ruby2.3.0\bin;C:\Users\morgan\AppData\Roaming\cabal\bin;C:\Users\morgan\AppData\Roaming\local\bin;C:\Users\morgan\AppData\Local\atom\bin;C:\ffmpeg\bin ;C:\Program Files (x86)\Microsoft VS Code\bin;C:\adb;C:\Users\morgan\AppData\Roaming\npm;C:\Users\morgan\AppData\Local\Yarn\bin;C:\webdriver;C:\Program Files\heroku\bin;C:\Program Files\Sublime Text 3;C:\ffmpeg_last\bin;C:\Program Files\Git\usr\bin\vendor_perl;C:\Program Files\Git\usr\bin\core_perl

Yarn version: 
  1.5.1

Node version: 
  9.9.0

Platform: 
  win32 x64

npm manifest: 
  {
    "name": "kanelopolo",
    "version": "1.0.0",
    "description": "",
    "main": "server.js",
    "engines": {
      "node": "8.11.1",
      "npm": "5.0.3"
    },
    "scripts": {
      "start": "node server.js",
      "server": "nodemon server.js",
      "client": "npm start --prefix client",
      "dev": "concurrently \"npm run server\" \"npm run client\"",
      "heroku-postbuild": "NPM_CONFIG_RPODUCTION=false npm install --prefix client && npm run build --prefix client",
      "digital-postbuild": "npm install --prefix client && npm run build --prefix client"
    },
    "author": "",
    "license": "ISC",
    "dependencies": {
      "body-parser": "^1.18.3",
      "concurrently": "^4.0.1",
      "cookie-session": "^2.0.0-beta.3",
      "express": "^4.16.3",
      "joi": "^13.7.0",
      "jsonwebtoken": "^8.3.0",
      "lodash": "^4.17.11",
      "mysql": "^2.16.0",
      "tunnel-ssh": "^4.1.4",
      "util": "^0.11.0"
    },
    "devDependencies": {
      "morgan": "^1.9.1",
      "nodemon": "^1.18.4"
    }
  }

yarn manifest: 
  No manifest

Lockfile: 
  No lockfile

Trace: 
  Error: Found incompatible module
      at new MessageError (C:\Program Files (x86)\Yarn\lib\cli.js:186:110)
      at Object.checkOne (C:\Program Files (x86)\Yarn\lib\cli.js:62444:11)
      at C:\Program Files (x86)\Yarn\lib\cli.js:22773:75
      at Generator.next (<anonymous>)
      at step (C:\Program Files (x86)\Yarn\lib\cli.js:98:30)
      at C:\Program Files (x86)\Yarn\lib\cli.js:116:14
      at new Promise (<anonymous>)
      at new F (C:\Program Files (x86)\Yarn\lib\cli.js:23451:28)
      at C:\Program Files (x86)\Yarn\lib\cli.js:95:12
      at C:\Program Files (x86)\Yarn\lib\cli.js:22777:27
